<?xml version="1.0" encoding="UTF-8"?>
<!-- Generated by org.testng.reporters.JUnitReportReporter -->
<testsuite skipped="0" hostname="TI12384-BLR-L" name="testngpgms.allTestpgms" tests="1" failures="0" timestamp="2021-01-04T13:19:09 IST" time="0.005" errors="0">
  <testcase name="frequncyOfChar" time="0.005" classname="testngpgms.allTestpgms"/>
  <system-out/>
</testsuite> <!-- testngpgms.allTestpgms -->
