<?xml version="1.0" encoding="UTF-8"?>
<!-- Generated by org.testng.reporters.JUnitReportReporter -->
<testsuite skipped="0" hostname="TI12384-BLR-L" name="pomprogram.LoginTest" tests="1" failures="0" timestamp="2021-01-05T09:22:53 IST" time="6.777" errors="0">
  <testcase name="run" time="6.777" classname="pomprogram.LoginTest"/>
  <system-out/>
</testsuite> <!-- pomprogram.LoginTest -->
