<?xml version="1.0" encoding="UTF-8"?>
<!-- Generated by org.testng.reporters.JUnitReportReporter -->
<testsuite skipped="0" hostname="TI12384-BLR-L" name="demopack.selpgm1" tests="1" failures="0" timestamp="2021-01-03T12:13:14 IST" time="17.460" errors="0">
  <testcase name="selectlaptop" time="17.460" classname="demopack.selpgm1"/>
  <system-out/>
</testsuite> <!-- demopack.selpgm1 -->
