<?xml version="1.0" encoding="UTF-8"?>
<!-- Generated by org.testng.reporters.JUnitReportReporter -->
<testsuite skipped="0" hostname="TI12384-BLR-L" name="pomverify.fbloginTest" tests="1" failures="0" timestamp="2021-01-15T17:37:17 IST" time="21.318" errors="0">
  <testcase name="f" time="21.318" classname="pomverify.fbloginTest"/>
  <system-out/>
</testsuite> <!-- pomverify.fbloginTest -->
